<?xml version="1.0" encoding="UTF-8"?>
<!-- Generated by org.testng.reporters.JUnitReportReporter -->
<testsuite skipped="0" hostname="DESKTOP-4U8FI25" name="comexpediacli.TestNG_Grouping" tests="4" failures="0" timestamp="2021-03-01T11:37:19 ART" time="0.019" errors="0">
  <testcase name="AudiA6" time="0.008" classname="comexpediacli.TestNG_Grouping"/>
  <system-out/>
  <testcase name="HondaAccord" time="0.004" classname="comexpediacli.TestNG_Grouping"/>
  <system-out/>
  <testcase name="BMW3Series" time="0.003" classname="comexpediacli.TestNG_Grouping"/>
  <system-out/>
  <testcase name="BMWX3" time="0.004" classname="comexpediacli.TestNG_Grouping"/>
  <system-out/>
</testsuite> <!-- comexpediacli.TestNG_Grouping -->
